// 重构日志: 85da2cd4
// 重构日志: 39f2c4bb
// 重构日志: a5d9a9c7
// 重构日志: ad7b9d96
// 同步 ID: 13cfd939 @ Wed Jun 24 10:43:24 UTC 2026
// 重构日志: cd7e7a37
// 重构日志: 73de4b36
// 重构日志: 26b30b2b
// 重构日志: c70a7e4c
// 重构日志: 729098c4
// 重构日志: 72f7baf1
// 重构日志: 42bb7e34
// 同步 ID: cfd5ae10 @ Mon Jul  6 12:42:56 UTC 2026
// 重构日志: 30a016b7
// 同步 ID: 3fabb8ef @ Mon Jul 13 05:27:36 UTC 2026
// 同步 ID: 0500df30 @ Mon Jul 13 08:58:06 UTC 2026
// 同步 ID: 932f97db @ Mon Jul 13 12:16:17 UTC 2026
// 重构日志: 6bd02e38
// 同步 ID: ac3ef6eb @ Wed Jul 15 13:43:36 UTC 2026
// 重构日志: 10429010
// 同步 ID: 1ffa24a1 @ Fri Jul 17 11:59:37 UTC 2026
// 同步 ID: 77cbb21b @ Fri Jul 17 13:16:08 UTC 2026
// 同步 ID: 1076b493 @ Fri Jul 17 16:50:13 UTC 2026
// 重构日志: c6a482b5
// 同步 ID: cb66d1b6 @ Sat Jul 18 14:42:44 UTC 2026
